Netgen 1.5.291 compiled on Sun Jan 12 13:58:51 CET 2025
Warning: netgen command 'format' use fully-qualified name '::netgen::format'
Warning: netgen command 'global' use fully-qualified name '::netgen::global'
Reading netlist file lpe/JNW_GR01_lpe_noc.spi
Call to undefined subcircuit sky130_fd_pr__pfet_01v8
Creating placeholder cell definition.
Call to undefined subcircuit sky130_fd_pr__res_high_po
Creating placeholder cell definition.
Call to undefined subcircuit sky130_fd_pr__nfet_01v8
Creating placeholder cell definition.
Call to undefined subcircuit sky130_fd_pr__cap_mim_m3_1
Creating placeholder cell definition.
Reading netlist file cdl/JNW_GR01.spice
Call to undefined subcircuit SKYOP
Creating placeholder cell definition.
Call to undefined subcircuit JNWATR_NCH_4C5F0
Creating placeholder cell definition.
Call to undefined subcircuit JNWTR_CAPX1
Creating placeholder cell definition.
Call to undefined subcircuit temo_effected_current
Creating placeholder cell definition.
Call to undefined subcircuit JNWATR_PCH_4C1F2
Creating placeholder cell definition.
Call to undefined subcircuit JNWATR_NCH_4C1F2
Creating placeholder cell definition.
Call to undefined subcircuit JNWATR_NCH_2C1F2
Creating placeholder cell definition.
Call to undefined subcircuit JNWATR_PCH_4C5F0
Creating placeholder cell definition.
Call to undefined subcircuit JNWTR_RPPO16
Creating placeholder cell definition.
Call to undefined subcircuit JNWTR_RPPO2
Creating placeholder cell definition.
Call to undefined subcircuit sky130_fd_pr__nfet_01v8
Creating placeholder cell definition.
Call to undefined subcircuit sky130_fd_pr__cap_mim_m3_1
Creating placeholder cell definition.
Call to undefined subcircuit JNWTR_RPPO8
Creating placeholder cell definition.
Call to undefined subcircuit SKY_OTA
Creating placeholder cell definition.
Call to undefined subcircuit sky130_fd_pr__pfet_01v8
Creating placeholder cell definition.
Call to undefined subcircuit JNWTR_RES16
Creating placeholder cell definition.
Call to undefined subcircuit JNWTR_RES2
Creating placeholder cell definition.
Call to undefined subcircuit JNWTR_RES8
Creating placeholder cell definition.
Call to undefined subcircuit JNWTR_CAPX4
Creating placeholder cell definition.
Call to undefined subcircuit sky130_fd_pr__res_high_po
Creating placeholder cell definition.

Reading setup file /opt/pdk/share/pdk/sky130A/libs.tech/netgen/sky130A_setup.tcl

No property w found for device r
No property l found for device r
Model sky130_fd_pr__res_high_po pin 1 == 2
No property value found for device sky130_fd_pr__res_high_po
No property mult found for device sky130_fd_pr__res_high_po
Model sky130_fd_pr__res_high_po pin 1 == 2
No property value found for device sky130_fd_pr__res_high_po
Model sky130_fd_pr__nfet_01v8 pin 1 == 3
No property mult found for device sky130_fd_pr__nfet_01v8
No property sa found for device sky130_fd_pr__nfet_01v8
No property sb found for device sky130_fd_pr__nfet_01v8
No property sd found for device sky130_fd_pr__nfet_01v8
No property nf found for device sky130_fd_pr__nfet_01v8
No property nrd found for device sky130_fd_pr__nfet_01v8
No property nrs found for device sky130_fd_pr__nfet_01v8
No property area found for device sky130_fd_pr__nfet_01v8
No property perim found for device sky130_fd_pr__nfet_01v8
No property topography found for device sky130_fd_pr__nfet_01v8
Model sky130_fd_pr__nfet_01v8 pin 1 == 3
No property as found for device sky130_fd_pr__nfet_01v8
No property ad found for device sky130_fd_pr__nfet_01v8
No property ps found for device sky130_fd_pr__nfet_01v8
No property pd found for device sky130_fd_pr__nfet_01v8
No property mult found for device sky130_fd_pr__nfet_01v8
No property sa found for device sky130_fd_pr__nfet_01v8
No property sb found for device sky130_fd_pr__nfet_01v8
No property sd found for device sky130_fd_pr__nfet_01v8
No property nrd found for device sky130_fd_pr__nfet_01v8
No property nrs found for device sky130_fd_pr__nfet_01v8
No property area found for device sky130_fd_pr__nfet_01v8
No property perim found for device sky130_fd_pr__nfet_01v8
No property topography found for device sky130_fd_pr__nfet_01v8
Model sky130_fd_pr__pfet_01v8 pin 1 == 3
No property mult found for device sky130_fd_pr__pfet_01v8
No property sa found for device sky130_fd_pr__pfet_01v8
No property sb found for device sky130_fd_pr__pfet_01v8
No property sd found for device sky130_fd_pr__pfet_01v8
No property nf found for device sky130_fd_pr__pfet_01v8
No property nrd found for device sky130_fd_pr__pfet_01v8
No property nrs found for device sky130_fd_pr__pfet_01v8
No property area found for device sky130_fd_pr__pfet_01v8
No property perim found for device sky130_fd_pr__pfet_01v8
No property topography found for device sky130_fd_pr__pfet_01v8
Model sky130_fd_pr__pfet_01v8 pin 1 == 3
No property as found for device sky130_fd_pr__pfet_01v8
No property ad found for device sky130_fd_pr__pfet_01v8
No property ps found for device sky130_fd_pr__pfet_01v8
No property pd found for device sky130_fd_pr__pfet_01v8
No property mult found for device sky130_fd_pr__pfet_01v8
No property sa found for device sky130_fd_pr__pfet_01v8
No property sb found for device sky130_fd_pr__pfet_01v8
No property sd found for device sky130_fd_pr__pfet_01v8
No property nrd found for device sky130_fd_pr__pfet_01v8
No property nrs found for device sky130_fd_pr__pfet_01v8
No property area found for device sky130_fd_pr__pfet_01v8
No property perim found for device sky130_fd_pr__pfet_01v8
No property topography found for device sky130_fd_pr__pfet_01v8
No property area found for device sky130_fd_pr__cap_mim_m3_1
No property value found for device sky130_fd_pr__cap_mim_m3_1
No property mult found for device sky130_fd_pr__cap_mim_m3_1
No property perim found for device sky130_fd_pr__cap_mim_m3_1
No property mf found for device sky130_fd_pr__cap_mim_m3_1
No property area found for device sky130_fd_pr__cap_mim_m3_1
No property value found for device sky130_fd_pr__cap_mim_m3_1
No property mult found for device sky130_fd_pr__cap_mim_m3_1
No property perim found for device sky130_fd_pr__cap_mim_m3_1
No property mf found for device sky130_fd_pr__cap_mim_m3_1
Comparison output logged to file lpe/JNW_GR01_lvs.log
Logging to file "lpe/JNW_GR01_lvs.log" enabled
Circuit sky130_fd_pr__res_high_po contains no devices.
Circuit sky130_fd_pr__cap_mim_m3_1 contains no devices.
Circuit sky130_fd_pr__nfet_01v8 contains no devices.
Circuit sky130_fd_pr__pfet_01v8 contains no devices.

Contents of circuit 1:  Circuit: 'JNW_GR01'
Circuit JNW_GR01 contains 89 device instances.
  Class: sky130_fd_pr__nfet_01v8 instances:  20
  Class: sky130_fd_pr__cap_mim_m3_1 instances:   7
  Class: sky130_fd_pr__res_high_po instances:  36
  Class: sky130_fd_pr__pfet_01v8 instances:  26
Circuit contains 51 nets.
Contents of circuit 2:  Circuit: 'JNW_GR01'
Circuit JNW_GR01 contains 67 device instances.
  Class: sky130_fd_pr__nfet_01v8 instances:  10
  Class: r                     instances:   1
  Class: sky130_fd_pr__cap_mim_m3_1 instances:   7
  Class: sky130_fd_pr__res_high_po instances:  36
  Class: sky130_fd_pr__pfet_01v8 instances:  13
Circuit contains 52 nets.

Circuit was modified by parallel/series device merging.
New circuit summary:

Contents of circuit 1:  Circuit: 'JNW_GR01'
Circuit JNW_GR01 contains 31 device instances.
  Class: sky130_fd_pr__nfet_01v8 instances:  10
  Class: sky130_fd_pr__cap_mim_m3_1 instances:   4
  Class: sky130_fd_pr__res_high_po instances:   4
  Class: sky130_fd_pr__pfet_01v8 instances:  13
Circuit contains 19 nets.
Contents of circuit 2:  Circuit: 'JNW_GR01'
Circuit JNW_GR01 contains 32 device instances.
  Class: sky130_fd_pr__nfet_01v8 instances:  10
  Class: r                     instances:   1
  Class: sky130_fd_pr__cap_mim_m3_1 instances:   4
  Class: sky130_fd_pr__res_high_po instances:   4
  Class: sky130_fd_pr__pfet_01v8 instances:  13
Circuit contains 20 nets.

Circuit 1 contains 31 devices, Circuit 2 contains 32 devices. *** MISMATCH ***
Circuit 1 contains 19 nets,    Circuit 2 contains 20 nets. *** MISMATCH ***


Final result: 
Netlists do not match.
Port matching may fail to disambiguate symmetries.
Logging to file "lpe/JNW_GR01_lvs.log" disabled
LVS Done.
