
Circuit 1 cell sky130_fd_pr__res_high_po and Circuit 2 cell sky130_fd_pr__res_high_po are black boxes.
Warning: Equate pins:  cell sky130_fd_pr__res_high_po is a placeholder, treated as a black box.
Warning: Equate pins:  cell sky130_fd_pr__res_high_po is a placeholder, treated as a black box.

Subcircuit pins:
Circuit 1: sky130_fd_pr__res_high_po       |Circuit 2: sky130_fd_pr__res_high_po       
-------------------------------------------|-------------------------------------------
1                                          |1                                          
2                                          |2                                          
3                                          |3                                          
---------------------------------------------------------------------------------------
Cell pin lists are equivalent.
Device classes sky130_fd_pr__res_high_po and sky130_fd_pr__res_high_po are equivalent.

Circuit 1 cell sky130_fd_pr__pfet_01v8 and Circuit 2 cell sky130_fd_pr__pfet_01v8 are black boxes.
Warning: Equate pins:  cell sky130_fd_pr__pfet_01v8 is a placeholder, treated as a black box.
Warning: Equate pins:  cell sky130_fd_pr__pfet_01v8 is a placeholder, treated as a black box.

Subcircuit pins:
Circuit 1: sky130_fd_pr__pfet_01v8         |Circuit 2: sky130_fd_pr__pfet_01v8         
-------------------------------------------|-------------------------------------------
1                                          |1                                          
2                                          |2                                          
3                                          |3                                          
4                                          |4                                          
---------------------------------------------------------------------------------------
Cell pin lists are equivalent.
Device classes sky130_fd_pr__pfet_01v8 and sky130_fd_pr__pfet_01v8 are equivalent.

Circuit 1 cell sky130_fd_pr__nfet_01v8 and Circuit 2 cell sky130_fd_pr__nfet_01v8 are black boxes.
Warning: Equate pins:  cell sky130_fd_pr__nfet_01v8 is a placeholder, treated as a black box.
Warning: Equate pins:  cell sky130_fd_pr__nfet_01v8 is a placeholder, treated as a black box.

Subcircuit pins:
Circuit 1: sky130_fd_pr__nfet_01v8         |Circuit 2: sky130_fd_pr__nfet_01v8         
-------------------------------------------|-------------------------------------------
1                                          |1                                          
2                                          |2                                          
3                                          |3                                          
4                                          |4                                          
---------------------------------------------------------------------------------------
Cell pin lists are equivalent.
Device classes sky130_fd_pr__nfet_01v8 and sky130_fd_pr__nfet_01v8 are equivalent.

Circuit 1 cell sky130_fd_pr__cap_mim_m3_1 and Circuit 2 cell sky130_fd_pr__cap_mim_m3_1 are black boxes.
Warning: Equate pins:  cell sky130_fd_pr__cap_mim_m3_1 is a placeholder, treated as a black box.
Warning: Equate pins:  cell sky130_fd_pr__cap_mim_m3_1 is a placeholder, treated as a black box.

Subcircuit pins:
Circuit 1: sky130_fd_pr__cap_mim_m3_1      |Circuit 2: sky130_fd_pr__cap_mim_m3_1      
-------------------------------------------|-------------------------------------------
1                                          |1                                          
2                                          |2                                          
---------------------------------------------------------------------------------------
Cell pin lists are equivalent.
Device classes sky130_fd_pr__cap_mim_m3_1 and sky130_fd_pr__cap_mim_m3_1 are equivalent.
Flattening unmatched subcell JNWATR_PCH_4C1F2 in circuit SKYOP (1)(3 instances)
Flattening unmatched subcell JNWATR_NCH_4C1F2 in circuit SKYOP (1)(3 instances)
Flattening unmatched subcell JNWATR_NCH_2C1F2 in circuit SKYOP (1)(1 instance)
Flattening unmatched subcell JNWATR_PCH_4C5F0 in circuit SKYOP (1)(2 instances)
Flattening unmatched subcell JNWTR_RPPO16 in circuit SKYOP (1)(1 instance)
Flattening unmatched subcell JNWTR_RES16 in circuit SKYOP (1)(1 instance)
Flattening unmatched subcell JNWTR_CAPX1 in circuit SKYOP (1)(1 instance)
Flattening unmatched subcell JNWTR_RPPO2 in circuit SKYOP (1)(1 instance)
Flattening unmatched subcell JNWTR_RES2 in circuit SKYOP (1)(1 instance)

Class SKYOP (0):  Merged 9 parallel devices.
Class SKYOP (0):  Merged 17 series devices.
Class SKYOP (1):  Merged 17 series devices.
Subcircuit summary:
Circuit 1: SKYOP                           |Circuit 2: SKYOP                           
-------------------------------------------|-------------------------------------------
sky130_fd_pr__pfet_01v8 (10->5)            |sky130_fd_pr__pfet_01v8 (5)                
sky130_fd_pr__nfet_01v8 (8->4)             |sky130_fd_pr__nfet_01v8 (4)                
sky130_fd_pr__res_high_po (18->1)          |sky130_fd_pr__res_high_po (18->1)          
sky130_fd_pr__cap_mim_m3_1 (1)             |sky130_fd_pr__cap_mim_m3_1 (1)             
Number of devices: 11                      |Number of devices: 11                      
Number of nets: 10                         |Number of nets: 10                         
---------------------------------------------------------------------------------------
Netlists match uniquely.

Subcircuit pins:
Circuit 1: SKYOP                           |Circuit 2: SKYOP                           
-------------------------------------------|-------------------------------------------
VOUT                                       |VOUT                                       
VIN+                                       |VIN+                                       
VIN-                                       |VIN-                                       
VDD                                        |VDD                                        
VSS                                        |VSS                                        
---------------------------------------------------------------------------------------
Cell pin lists are equivalent.
Device classes SKYOP and SKYOP are equivalent.

Final result: Circuits match uniquely.
.
