Netgen 1.5.291 compiled on Sun Jan 12 13:58:51 CET 2025
Warning: netgen command 'format' use fully-qualified name '::netgen::format'
Warning: netgen command 'global' use fully-qualified name '::netgen::global'
Reading netlist file lvs/JNW_GR01.spi
Call to undefined subcircuit sky130_fd_pr__cap_mim_m3_1
Creating placeholder cell definition.
Call to undefined subcircuit sky130_fd_pr__nfet_01v8
Creating placeholder cell definition.
Call to undefined subcircuit sky130_fd_pr__pfet_01v8
Creating placeholder cell definition.
Call to undefined subcircuit sky130_fd_pr__res_high_po
Creating placeholder cell definition.
Reading netlist file cdl/JNW_GR01.spice
Call to undefined subcircuit SKYOP
Creating placeholder cell definition.
Call to undefined subcircuit JNWATR_NCH_4C5F0
Creating placeholder cell definition.
Call to undefined subcircuit JNWTR_CAPX1
Creating placeholder cell definition.
Call to undefined subcircuit temo_effected_current
Creating placeholder cell definition.
Call to undefined subcircuit JNWATR_PCH_4C1F2
Creating placeholder cell definition.
Call to undefined subcircuit JNWATR_NCH_4C1F2
Creating placeholder cell definition.
Call to undefined subcircuit JNWATR_NCH_2C1F2
Creating placeholder cell definition.
Call to undefined subcircuit JNWATR_PCH_4C5F0
Creating placeholder cell definition.
Call to undefined subcircuit JNWTR_RPPO16
Creating placeholder cell definition.
Call to undefined subcircuit JNWTR_RPPO2
Creating placeholder cell definition.
Call to undefined subcircuit sky130_fd_pr__nfet_01v8
Creating placeholder cell definition.
Call to undefined subcircuit sky130_fd_pr__cap_mim_m3_1
Creating placeholder cell definition.
Call to undefined subcircuit JNWTR_RPPO8
Creating placeholder cell definition.
Call to undefined subcircuit SKY_OTA
Creating placeholder cell definition.
Call to undefined subcircuit sky130_fd_pr__pfet_01v8
Creating placeholder cell definition.
Call to undefined subcircuit JNWTR_RES16
Creating placeholder cell definition.
Call to undefined subcircuit JNWTR_RES2
Creating placeholder cell definition.
Call to undefined subcircuit JNWTR_RES8
Creating placeholder cell definition.
Call to undefined subcircuit JNWTR_CAPX4
Creating placeholder cell definition.
Call to undefined subcircuit sky130_fd_pr__res_high_po
Creating placeholder cell definition.

Reading setup file /opt/pdk/share/pdk/sky130A/libs.tech/netgen/sky130A_setup.tcl

Model sky130_fd_pr__res_high_po pin 1 == 2
No property value found for device sky130_fd_pr__res_high_po
No property mult found for device sky130_fd_pr__res_high_po
Model sky130_fd_pr__res_high_po pin 1 == 2
No property value found for device sky130_fd_pr__res_high_po
Model sky130_fd_pr__nfet_01v8 pin 1 == 3
No property mult found for device sky130_fd_pr__nfet_01v8
No property sa found for device sky130_fd_pr__nfet_01v8
No property sb found for device sky130_fd_pr__nfet_01v8
No property sd found for device sky130_fd_pr__nfet_01v8
No property nf found for device sky130_fd_pr__nfet_01v8
No property nrd found for device sky130_fd_pr__nfet_01v8
No property nrs found for device sky130_fd_pr__nfet_01v8
No property area found for device sky130_fd_pr__nfet_01v8
No property perim found for device sky130_fd_pr__nfet_01v8
No property topography found for device sky130_fd_pr__nfet_01v8
Model sky130_fd_pr__nfet_01v8 pin 1 == 3
No property as found for device sky130_fd_pr__nfet_01v8
No property ad found for device sky130_fd_pr__nfet_01v8
No property ps found for device sky130_fd_pr__nfet_01v8
No property pd found for device sky130_fd_pr__nfet_01v8
No property mult found for device sky130_fd_pr__nfet_01v8
No property sa found for device sky130_fd_pr__nfet_01v8
No property sb found for device sky130_fd_pr__nfet_01v8
No property sd found for device sky130_fd_pr__nfet_01v8
No property nrd found for device sky130_fd_pr__nfet_01v8
No property nrs found for device sky130_fd_pr__nfet_01v8
No property area found for device sky130_fd_pr__nfet_01v8
No property perim found for device sky130_fd_pr__nfet_01v8
No property topography found for device sky130_fd_pr__nfet_01v8
Model sky130_fd_pr__pfet_01v8 pin 1 == 3
No property mult found for device sky130_fd_pr__pfet_01v8
No property sa found for device sky130_fd_pr__pfet_01v8
No property sb found for device sky130_fd_pr__pfet_01v8
No property sd found for device sky130_fd_pr__pfet_01v8
No property nf found for device sky130_fd_pr__pfet_01v8
No property nrd found for device sky130_fd_pr__pfet_01v8
No property nrs found for device sky130_fd_pr__pfet_01v8
No property area found for device sky130_fd_pr__pfet_01v8
No property perim found for device sky130_fd_pr__pfet_01v8
No property topography found for device sky130_fd_pr__pfet_01v8
Model sky130_fd_pr__pfet_01v8 pin 1 == 3
No property as found for device sky130_fd_pr__pfet_01v8
No property ad found for device sky130_fd_pr__pfet_01v8
No property ps found for device sky130_fd_pr__pfet_01v8
No property pd found for device sky130_fd_pr__pfet_01v8
No property mult found for device sky130_fd_pr__pfet_01v8
No property sa found for device sky130_fd_pr__pfet_01v8
No property sb found for device sky130_fd_pr__pfet_01v8
No property sd found for device sky130_fd_pr__pfet_01v8
No property nrd found for device sky130_fd_pr__pfet_01v8
No property nrs found for device sky130_fd_pr__pfet_01v8
No property area found for device sky130_fd_pr__pfet_01v8
No property perim found for device sky130_fd_pr__pfet_01v8
No property topography found for device sky130_fd_pr__pfet_01v8
No property area found for device sky130_fd_pr__cap_mim_m3_1
No property value found for device sky130_fd_pr__cap_mim_m3_1
No property mult found for device sky130_fd_pr__cap_mim_m3_1
No property perim found for device sky130_fd_pr__cap_mim_m3_1
No property mf found for device sky130_fd_pr__cap_mim_m3_1
No property area found for device sky130_fd_pr__cap_mim_m3_1
No property value found for device sky130_fd_pr__cap_mim_m3_1
No property mult found for device sky130_fd_pr__cap_mim_m3_1
No property perim found for device sky130_fd_pr__cap_mim_m3_1
No property mf found for device sky130_fd_pr__cap_mim_m3_1
Comparison output logged to file lvs/JNW_GR01_lvs.log
Logging to file "lvs/JNW_GR01_lvs.log" enabled
Circuit sky130_fd_pr__res_high_po contains no devices.
Circuit sky130_fd_pr__cap_mim_m3_1 contains no devices.
Circuit sky130_fd_pr__nfet_01v8 contains no devices.
Circuit sky130_fd_pr__pfet_01v8 contains no devices.

Contents of circuit 1:  Circuit: 'JNWTR_RES8'
Circuit JNWTR_RES8 contains 8 device instances.
  Class: sky130_fd_pr__res_high_po instances:   8
Circuit contains 10 nets.
Contents of circuit 2:  Circuit: 'JNWTR_RES8'
Circuit JNWTR_RES8 contains 8 device instances.
  Class: sky130_fd_pr__res_high_po instances:   8
Circuit contains 10 nets.

Circuit was modified by parallel/series device merging.
New circuit summary:

Contents of circuit 1:  Circuit: 'JNWTR_RES8'
Circuit JNWTR_RES8 contains 1 device instances.
  Class: sky130_fd_pr__res_high_po instances:   1
Circuit contains 3 nets.
Contents of circuit 2:  Circuit: 'JNWTR_RES8'
Circuit JNWTR_RES8 contains 1 device instances.
  Class: sky130_fd_pr__res_high_po instances:   1
Circuit contains 3 nets.

Circuit 1 contains 1 devices, Circuit 2 contains 1 devices.
Circuit 1 contains 3 nets,    Circuit 2 contains 3 nets.


Contents of circuit 1:  Circuit: 'JNWTR_CAPX1'
Circuit JNWTR_CAPX1 contains 1 device instances.
  Class: sky130_fd_pr__cap_mim_m3_1 instances:   1
Circuit contains 2 nets.
Contents of circuit 2:  Circuit: 'JNWTR_CAPX1'
Circuit JNWTR_CAPX1 contains 1 device instances.
  Class: sky130_fd_pr__cap_mim_m3_1 instances:   1
Circuit contains 2 nets.

Circuit 1 contains 1 devices, Circuit 2 contains 1 devices.
Circuit 1 contains 2 nets,    Circuit 2 contains 2 nets.


Contents of circuit 1:  Circuit: 'JNWTR_RES2'
Circuit JNWTR_RES2 contains 2 device instances.
  Class: sky130_fd_pr__res_high_po instances:   2
Circuit contains 4 nets.
Contents of circuit 2:  Circuit: 'JNWTR_RES2'
Circuit JNWTR_RES2 contains 2 device instances.
  Class: sky130_fd_pr__res_high_po instances:   2
Circuit contains 4 nets.

Circuit was modified by parallel/series device merging.
New circuit summary:

Contents of circuit 1:  Circuit: 'JNWTR_RES2'
Circuit JNWTR_RES2 contains 1 device instances.
  Class: sky130_fd_pr__res_high_po instances:   1
Circuit contains 3 nets.
Contents of circuit 2:  Circuit: 'JNWTR_RES2'
Circuit JNWTR_RES2 contains 1 device instances.
  Class: sky130_fd_pr__res_high_po instances:   1
Circuit contains 3 nets.

Circuit 1 contains 1 devices, Circuit 2 contains 1 devices.
Circuit 1 contains 3 nets,    Circuit 2 contains 3 nets.


Contents of circuit 1:  Circuit: 'JNWTR_RES16'
Circuit JNWTR_RES16 contains 16 device instances.
  Class: sky130_fd_pr__res_high_po instances:  16
Circuit contains 18 nets.
Contents of circuit 2:  Circuit: 'JNWTR_RES16'
Circuit JNWTR_RES16 contains 16 device instances.
  Class: sky130_fd_pr__res_high_po instances:  16
Circuit contains 18 nets.

Circuit was modified by parallel/series device merging.
New circuit summary:

Contents of circuit 1:  Circuit: 'JNWTR_RES16'
Circuit JNWTR_RES16 contains 1 device instances.
  Class: sky130_fd_pr__res_high_po instances:   1
Circuit contains 3 nets.
Contents of circuit 2:  Circuit: 'JNWTR_RES16'
Circuit JNWTR_RES16 contains 1 device instances.
  Class: sky130_fd_pr__res_high_po instances:   1
Circuit contains 3 nets.

Circuit 1 contains 1 devices, Circuit 2 contains 1 devices.
Circuit 1 contains 3 nets,    Circuit 2 contains 3 nets.


Contents of circuit 1:  Circuit: 'JNWATR_NCH_4C5F0'
Circuit JNWATR_NCH_4C5F0 contains 2 device instances.
  Class: sky130_fd_pr__nfet_01v8 instances:   2
Circuit contains 4 nets, and 1 disconnected pin.
Contents of circuit 2:  Circuit: 'JNWATR_NCH_4C5F0'
Circuit JNWATR_NCH_4C5F0 contains 1 device instances.
  Class: sky130_fd_pr__nfet_01v8 instances:   1
Circuit contains 4 nets.

Circuit was modified by parallel/series device merging.
New circuit summary:

Contents of circuit 1:  Circuit: 'JNWATR_NCH_4C5F0'
Circuit JNWATR_NCH_4C5F0 contains 1 device instances.
  Class: sky130_fd_pr__nfet_01v8 instances:   1
Circuit contains 4 nets, and 1 disconnected pin.
Contents of circuit 2:  Circuit: 'JNWATR_NCH_4C5F0'
Circuit JNWATR_NCH_4C5F0 contains 1 device instances.
  Class: sky130_fd_pr__nfet_01v8 instances:   1
Circuit contains 4 nets.

Circuit 1 contains 1 devices, Circuit 2 contains 1 devices.
Circuit 1 contains 4 nets,    Circuit 2 contains 4 nets.


Contents of circuit 1:  Circuit: 'JNWATR_PCH_4C5F0'
Circuit JNWATR_PCH_4C5F0 contains 2 device instances.
  Class: sky130_fd_pr__pfet_01v8 instances:   2
Circuit contains 4 nets, and 2 disconnected pins.
Contents of circuit 2:  Circuit: 'JNWATR_PCH_4C5F0'
Circuit JNWATR_PCH_4C5F0 contains 1 device instances.
  Class: sky130_fd_pr__pfet_01v8 instances:   1
Circuit contains 4 nets.

Circuit was modified by parallel/series device merging.
New circuit summary:

Contents of circuit 1:  Circuit: 'JNWATR_PCH_4C5F0'
Circuit JNWATR_PCH_4C5F0 contains 1 device instances.
  Class: sky130_fd_pr__pfet_01v8 instances:   1
Circuit contains 4 nets, and 2 disconnected pins.
Contents of circuit 2:  Circuit: 'JNWATR_PCH_4C5F0'
Circuit JNWATR_PCH_4C5F0 contains 1 device instances.
  Class: sky130_fd_pr__pfet_01v8 instances:   1
Circuit contains 4 nets.

Circuit 1 contains 1 devices, Circuit 2 contains 1 devices.
Circuit 1 contains 4 nets,    Circuit 2 contains 4 nets.


Contents of circuit 1:  Circuit: 'JNWTR_RPPO8'
Circuit JNWTR_RPPO8 contains 1 device instances.
  Class: JNWTR_RES8            instances:   1
Circuit contains 3 nets.
Contents of circuit 2:  Circuit: 'JNWTR_RPPO8'
Circuit JNWTR_RPPO8 contains 1 device instances.
  Class: JNWTR_RES8            instances:   1
Circuit contains 3 nets.

Circuit 1 contains 1 devices, Circuit 2 contains 1 devices.
Circuit 1 contains 3 nets,    Circuit 2 contains 3 nets.


Contents of circuit 1:  Circuit: 'JNWTR_CAPX4'
Circuit JNWTR_CAPX4 contains 4 device instances.
  Class: JNWTR_CAPX1           instances:   4
Circuit contains 2 nets.
Contents of circuit 2:  Circuit: 'JNWTR_CAPX4'
Circuit JNWTR_CAPX4 contains 4 device instances.
  Class: JNWTR_CAPX1           instances:   4
Circuit contains 2 nets.

Circuit 1 contains 4 devices, Circuit 2 contains 4 devices.
Circuit 1 contains 2 nets,    Circuit 2 contains 2 nets.


Contents of circuit 1:  Circuit: 'JNWATR_NCH_4C1F2'
Circuit JNWATR_NCH_4C1F2 contains 2 device instances.
  Class: sky130_fd_pr__nfet_01v8 instances:   2
Circuit contains 4 nets, and 1 disconnected pin.
Contents of circuit 2:  Circuit: 'JNWATR_NCH_4C1F2'
Circuit JNWATR_NCH_4C1F2 contains 1 device instances.
  Class: sky130_fd_pr__nfet_01v8 instances:   1
Circuit contains 4 nets.

Circuit was modified by parallel/series device merging.
New circuit summary:

Contents of circuit 1:  Circuit: 'JNWATR_NCH_4C1F2'
Circuit JNWATR_NCH_4C1F2 contains 1 device instances.
  Class: sky130_fd_pr__nfet_01v8 instances:   1
Circuit contains 4 nets, and 1 disconnected pin.
Contents of circuit 2:  Circuit: 'JNWATR_NCH_4C1F2'
Circuit JNWATR_NCH_4C1F2 contains 1 device instances.
  Class: sky130_fd_pr__nfet_01v8 instances:   1
Circuit contains 4 nets.

Circuit 1 contains 1 devices, Circuit 2 contains 1 devices.
Circuit 1 contains 4 nets,    Circuit 2 contains 4 nets.


Contents of circuit 1:  Circuit: 'JNWATR_PCH_4C1F2'
Circuit JNWATR_PCH_4C1F2 contains 2 device instances.
  Class: sky130_fd_pr__pfet_01v8 instances:   2
Circuit contains 4 nets.
Contents of circuit 2:  Circuit: 'JNWATR_PCH_4C1F2'
Circuit JNWATR_PCH_4C1F2 contains 1 device instances.
  Class: sky130_fd_pr__pfet_01v8 instances:   1
Circuit contains 4 nets.

Circuit was modified by parallel/series device merging.
New circuit summary:

Contents of circuit 1:  Circuit: 'JNWATR_PCH_4C1F2'
Circuit JNWATR_PCH_4C1F2 contains 1 device instances.
  Class: sky130_fd_pr__pfet_01v8 instances:   1
Circuit contains 4 nets.
Contents of circuit 2:  Circuit: 'JNWATR_PCH_4C1F2'
Circuit JNWATR_PCH_4C1F2 contains 1 device instances.
  Class: sky130_fd_pr__pfet_01v8 instances:   1
Circuit contains 4 nets.

Circuit 1 contains 1 devices, Circuit 2 contains 1 devices.
Circuit 1 contains 4 nets,    Circuit 2 contains 4 nets.


Contents of circuit 1:  Circuit: 'JNWTR_RPPO2'
Circuit JNWTR_RPPO2 contains 1 device instances.
  Class: JNWTR_RES2            instances:   1
Circuit contains 3 nets.
Contents of circuit 2:  Circuit: 'JNWTR_RPPO2'
Circuit JNWTR_RPPO2 contains 1 device instances.
  Class: JNWTR_RES2            instances:   1
Circuit contains 3 nets.

Circuit 1 contains 1 devices, Circuit 2 contains 1 devices.
Circuit 1 contains 3 nets,    Circuit 2 contains 3 nets.


Contents of circuit 1:  Circuit: 'JNWTR_RPPO16'
Circuit JNWTR_RPPO16 contains 1 device instances.
  Class: JNWTR_RES16           instances:   1
Circuit contains 3 nets.
Contents of circuit 2:  Circuit: 'JNWTR_RPPO16'
Circuit JNWTR_RPPO16 contains 1 device instances.
  Class: JNWTR_RES16           instances:   1
Circuit contains 3 nets.

Circuit 1 contains 1 devices, Circuit 2 contains 1 devices.
Circuit 1 contains 3 nets,    Circuit 2 contains 3 nets.


Contents of circuit 1:  Circuit: 'JNWATR_NCH_2C1F2'
Circuit JNWATR_NCH_2C1F2 contains 2 device instances.
  Class: sky130_fd_pr__nfet_01v8 instances:   2
Circuit contains 4 nets, and 1 disconnected pin.
Contents of circuit 2:  Circuit: 'JNWATR_NCH_2C1F2'
Circuit JNWATR_NCH_2C1F2 contains 1 device instances.
  Class: sky130_fd_pr__nfet_01v8 instances:   1
Circuit contains 4 nets.

Circuit was modified by parallel/series device merging.
New circuit summary:

Contents of circuit 1:  Circuit: 'JNWATR_NCH_2C1F2'
Circuit JNWATR_NCH_2C1F2 contains 1 device instances.
  Class: sky130_fd_pr__nfet_01v8 instances:   1
Circuit contains 4 nets, and 1 disconnected pin.
Contents of circuit 2:  Circuit: 'JNWATR_NCH_2C1F2'
Circuit JNWATR_NCH_2C1F2 contains 1 device instances.
  Class: sky130_fd_pr__nfet_01v8 instances:   1
Circuit contains 4 nets.

Circuit 1 contains 1 devices, Circuit 2 contains 1 devices.
Circuit 1 contains 4 nets,    Circuit 2 contains 4 nets.


Contents of circuit 1:  Circuit: 'SKY_OTA'
Circuit SKY_OTA contains 11 device instances.
  Class: JNWTR_CAPX1           instances:   1
  Class: JNWTR_CAPX4           instances:   1
  Class: JNWATR_PCH_4C5F0      instances:   3
  Class: JNWTR_RPPO8           instances:   1
  Class: JNWATR_NCH_4C5F0      instances:   5
Circuit contains 16 nets.
Contents of circuit 2:  Circuit: 'SKY_OTA'
Circuit SKY_OTA contains 11 device instances.
  Class: JNWTR_CAPX1           instances:   1
  Class: JNWTR_CAPX4           instances:   1
  Class: JNWATR_PCH_4C5F0      instances:   3
  Class: JNWTR_RPPO8           instances:   1
  Class: JNWATR_NCH_4C5F0      instances:   5
Circuit contains 9 nets.

Circuit 1 contains 11 devices, Circuit 2 contains 11 devices.
Circuit 1 contains 9 nets,    Circuit 2 contains 9 nets.


Contents of circuit 1:  Circuit: 'SKYOP'
Circuit SKYOP contains 12 device instances.
  Class: JNWTR_CAPX1           instances:   1
  Class: JNWATR_PCH_4C1F2      instances:   3
  Class: JNWATR_PCH_4C5F0      instances:   2
  Class: JNWTR_RPPO2           instances:   1
  Class: JNWATR_NCH_4C1F2      instances:   3
  Class: JNWATR_NCH_2C1F2      instances:   1
  Class: JNWTR_RPPO16          instances:   1
Circuit contains 16 nets.
Contents of circuit 2:  Circuit: 'SKYOP'
Circuit SKYOP contains 12 device instances.
  Class: JNWTR_CAPX1           instances:   1
  Class: JNWATR_PCH_4C1F2      instances:   3
  Class: JNWATR_PCH_4C5F0      instances:   2
  Class: JNWTR_RPPO2           instances:   1
  Class: JNWATR_NCH_4C1F2      instances:   3
  Class: JNWATR_NCH_2C1F2      instances:   1
  Class: JNWTR_RPPO16          instances:   1
Circuit contains 11 nets.

Circuit 1 contains 12 devices, Circuit 2 contains 12 devices.
Circuit 1 contains 11 nets,    Circuit 2 contains 11 nets.


Contents of circuit 1:  Circuit: 'temo_effected_current'
Circuit temo_effected_current contains 8 device instances.
  Class: SKY_OTA               instances:   1
  Class: JNWATR_PCH_4C5F0      instances:   5
  Class: JNWTR_RPPO2           instances:   1
  Class: JNWTR_RPPO8           instances:   1
Circuit contains 15 nets.
Contents of circuit 2:  Circuit: 'temo_effected_current'
Circuit temo_effected_current contains 8 device instances.
  Class: SKY_OTA               instances:   1
  Class: JNWATR_PCH_4C5F0      instances:   5
  Class: JNWTR_RPPO2           instances:   1
  Class: JNWTR_RPPO8           instances:   1
Circuit contains 8 nets.

Circuit 1 contains 8 devices, Circuit 2 contains 8 devices.
Circuit 1 contains 8 nets,    Circuit 2 contains 8 nets.


Contents of circuit 1:  Circuit: 'JNW_GR01'
Circuit JNW_GR01 contains 4 device instances.
  Class: JNWTR_CAPX1           instances:   1
  Class: SKYOP                 instances:   1
  Class: temo_effected_current instances:   1
  Class: JNWATR_NCH_4C5F0      instances:   1
Circuit contains 7 nets.
Contents of circuit 2:  Circuit: 'JNW_GR01'
Circuit JNW_GR01 contains 4 device instances.
  Class: JNWTR_CAPX1           instances:   1
  Class: SKYOP                 instances:   1
  Class: temo_effected_current instances:   1
  Class: JNWATR_NCH_4C5F0      instances:   1
Circuit contains 6 nets.

Circuit 1 contains 4 devices, Circuit 2 contains 4 devices.
Circuit 1 contains 6 nets,    Circuit 2 contains 6 nets.


Final result: 
Circuits match uniquely.
.
Logging to file "lvs/JNW_GR01_lvs.log" disabled
LVS Done.
